<?xml version="1.0" encoding="UTF-8"?>
<testng-results ignored="0" total="2" passed="2" failed="0" skipped="0">
  <reporter-output>
  </reporter-output>
  <suite started-at="2022-09-27T13:43:36 IST" name="Suite" finished-at="2022-09-27T13:43:50 IST" duration-ms="13286">
    <groups>
    </groups>
    <test started-at="2022-09-27T13:43:36 IST" name="Test" finished-at="2022-09-27T13:43:50 IST" duration-ms="13286">
      <class name="com.bridzelabz.keyword.test.LoginTest">
        <test-method signature="loginTest()[pri:0, instance:com.bridzelabz.keyword.test.LoginTest@74d1dc36]" started-at="2022-09-27T13:43:36 IST" name="loginTest" finished-at="2022-09-27T13:43:44 IST" duration-ms="7947" status="PASS">
          <reporter-output>
          </reporter-output>
        </test-method> <!-- loginTest -->
        <test-method signature="signUpTest()[pri:0, instance:com.bridzelabz.keyword.test.LoginTest@74d1dc36]" started-at="2022-09-27T13:43:45 IST" name="signUpTest" finished-at="2022-09-27T13:43:50 IST" duration-ms="5103" status="PASS">
          <reporter-output>
          </reporter-output>
        </test-method> <!-- signUpTest -->
      </class> <!-- com.bridzelabz.keyword.test.LoginTest -->
    </test> <!-- Test -->
  </suite> <!-- Suite -->
</testng-results>
